<?xml version="1.0" encoding="UTF-8"?>
<testsuite xmlns:xsi="http://www.w3.org/2001/XMLSchema-instance" xsi:noNamespaceSchemaLocation="https://maven.apache.org/surefire/maven-surefire-plugin/xsd/surefire-test-report-3.0.xsd" version="3.0" name="testRunner.TestRun" time="51.076" tests="3" errors="1" skipped="0" failures="0">
  <properties>
[...]
</properties>
  <testcase name="Add new Customer" classname="Customers" time="16.344">
    <error message="no such element: Unable to locate element: {&quot;method&quot;:&quot;xpath&quot;,&quot;selector&quot;:&quot;//*[@id=&quot;SelectedCustomerRoleIds_taglist&quot;]/li/span[2]&quot;}&#10;  (Session info: chrome=123.0.6312.105)&#10;For documentation on this error, please visit: https://www.seleniumhq.org/exceptions/no_such_element.html&#10;Build info: version: &apos;3.141.59&apos;, revision: &apos;e82be7d358&apos;, time: &apos;2018-11-14T08:17:03&apos;&#10;System info: host: &apos;LAPTOP-LKCB2VCI&apos;, ip: &apos;192.168.0.11&apos;, os.name: &apos;Windows 10&apos;, os.arch: &apos;amd64&apos;, os.version: &apos;10.0&apos;, java.version: &apos;1.8.0_301&apos;&#10;Driver info: org.openqa.selenium.chrome.ChromeDriver&#10;Capabilities {acceptInsecureCerts: false, browserName: chrome, browserVersion: 123.0.6312.105, chrome: {chromedriverVersion: 123.0.6312.86 (9b72c47a0536..., userDataDir: C:\Users\Akanksha\AppData\L...}, fedcm:accounts: true, goog:chromeOptions: {debuggerAddress: localhost:52269}, javascriptEnabled: true, networkConnectionEnabled: false, pageLoadStrategy: normal, platform: WINDOWS, platformName: WINDOWS, proxy: Proxy(), setWindowRect: true, strictFileInteractability: false, timeouts: {implicit: 0, pageLoad: 300000, script: 30000}, unhandledPromptBehavior: dismiss and notify, webauthn:extension:credBlob: true, webauthn:extension:largeBlob: true, webauthn:extension:minPinLength: true, webauthn:extension:prf: true, webauthn:virtualAuthenticators: true}&#10;Session ID: dc06b75ab70480cd0594a27d9de81b28&#10;*** Element info: {Using=xpath, value=//*[@id=&quot;SelectedCustomerRoleIds_taglist&quot;]/li/span[2]}" type="org.openqa.selenium.NoSuchElementException"><![CDATA[org.openqa.selenium.NoSuchElementException: 
no such element: Unable to locate element: {"method":"xpath","selector":"//*[@id="SelectedCustomerRoleIds_taglist"]/li/span[2]"}
  (Session info: chrome=123.0.6312.105)
For documentation on this error, please visit: https://www.seleniumhq.org/exceptions/no_such_element.html
Build info: version: '3.141.59', revision: 'e82be7d358', time: '2018-11-14T08:17:03'
System info: host: 'LAPTOP-LKCB2VCI', ip: '192.168.0.11', os.name: 'Windows 10', os.arch: 'amd64', os.version: '10.0', java.version: '1.8.0_301'
Driver info: org.openqa.selenium.chrome.ChromeDriver
Capabilities {acceptInsecureCerts: false, browserName: chrome, browserVersion: 123.0.6312.105, chrome: {chromedriverVersion: 123.0.6312.86 (9b72c47a0536..., userDataDir: C:\Users\Akanksha\AppData\L...}, fedcm:accounts: true, goog:chromeOptions: {debuggerAddress: localhost:52269}, javascriptEnabled: true, networkConnectionEnabled: false, pageLoadStrategy: normal, platform: WINDOWS, platformName: WINDOWS, proxy: Proxy(), setWindowRect: true, strictFileInteractability: false, timeouts: {implicit: 0, pageLoad: 300000, script: 30000}, unhandledPromptBehavior: dismiss and notify, webauthn:extension:credBlob: true, webauthn:extension:largeBlob: true, webauthn:extension:minPinLength: true, webauthn:extension:prf: true, webauthn:virtualAuthenticators: true}
Session ID: dc06b75ab70480cd0594a27d9de81b28
*** Element info: {Using=xpath, value=//*[@id="SelectedCustomerRoleIds_taglist"]/li/span[2]}
	at sun.reflect.NativeConstructorAccessorImpl.newInstance0(Native Method)
	at sun.reflect.NativeConstructorAccessorImpl.newInstance(NativeConstructorAccessorImpl.java:62)
	at sun.reflect.DelegatingConstructorAccessorImpl.newInstance(DelegatingConstructorAccessorImpl.java:45)
	at java.lang.reflect.Constructor.newInstance(Constructor.java:423)
	at org.openqa.selenium.remote.http.W3CHttpResponseCodec.createException(W3CHttpResponseCodec.java:187)
	at org.openqa.selenium.remote.http.W3CHttpResponseCodec.decode(W3CHttpResponseCodec.java:122)
	at org.openqa.selenium.remote.http.W3CHttpResponseCodec.decode(W3CHttpResponseCodec.java:49)
	at org.openqa.selenium.remote.HttpCommandExecutor.execute(HttpCommandExecutor.java:158)
	at org.openqa.selenium.remote.service.DriverCommandExecutor.execute(DriverCommandExecutor.java:83)
	at org.openqa.selenium.remote.RemoteWebDriver.execute(RemoteWebDriver.java:552)
	at org.openqa.selenium.remote.RemoteWebDriver.findElement(RemoteWebDriver.java:323)
	at org.openqa.selenium.remote.RemoteWebDriver.findElementByXPath(RemoteWebDriver.java:428)
	at org.openqa.selenium.By$ByXPath.findElement(By.java:353)
	at org.openqa.selenium.remote.RemoteWebDriver.findElement(RemoteWebDriver.java:315)
	at pageObjects.AddcustomerPage.setCustomerRoles(AddcustomerPage.java:85)
	at stepDefinitions.Steps.user_enter_customer_info(Steps.java:170)
	at ✽.User enter customer info(file:Features/Customers.feature:17)
]]></error>
    <system-out><![CDATA[Feature: Customers

  Background: backround steps                                              # Features/Customers.feature:3
04-04-2024 13:18:38 Steps.java INFO  [main] nopcommerce 75 - ********* Launching browser***************
    Given User Launch Chrome browser                                       # Steps.user_Launch_Chrome_browser()
04-04-2024 13:18:38 Steps.java INFO  [main] nopcommerce 82 - ********* Opening URL***************
    When User opens URL "http://admin-demo.nopcommerce.com/login"          # Steps.user_opens_URL(String)
04-04-2024 13:18:38 Steps.java INFO  [main] nopcommerce 89 - ********* Proving user info ***************
    And User enters Email as "admin@yourstore.com" and Password as "admin" # Steps.user_enters_Email_as_and_Password_as(String,String)
04-04-2024 13:18:39 Steps.java INFO  [main] nopcommerce 96 - ********* Click on login ***************
    And Click on Login                                                     # Steps.click_on_Login()
04-04-2024 13:18:48 Steps.java INFO  [main] nopcommerce 135 - ********* Adding Customer Scenario started  ***************
04-04-2024 13:18:48 Steps.java INFO  [main] nopcommerce 137 - ********* Dashboard Display validation ***************
    Then User can view Dashboad                                            # Steps.User_can_view_Dashboad()

  @Sanity
  Scenario: Add new Customer                                                                # Features/Customers.feature:11
    When User click on customers Menu                                                       # Steps.user_click_on_customers_Menu()
    And click on customers Menu Item                                                        # Steps.click_on_customers_Menu_Item()
    And click on Add new button                                                             # Steps.click_on_Add_new_button()
    Then User can view Add new customer page                                                # Steps.user_can_view_Add_new_customer_page()
04-04-2024 13:18:52 Steps.java INFO  [main] nopcommerce 163 - ********* Providing Customer details ***************
    When User enter customer info                                                           # Steps.user_enter_customer_info()
      org.openqa.selenium.NoSuchElementException: no such element: Unable to locate element: {"method":"xpath","selector":"//*[@id="SelectedCustomerRoleIds_taglist"]/li/span[2]"}
  (Session info: chrome=123.0.6312.105)
For documentation on this error, please visit: https://www.seleniumhq.org/exceptions/no_such_element.html
Build info: version: '3.141.59', revision: 'e82be7d358', time: '2018-11-14T08:17:03'
System info: host: 'LAPTOP-LKCB2VCI', ip: '192.168.0.11', os.name: 'Windows 10', os.arch: 'amd64', os.version: '10.0', java.version: '1.8.0_301'
Driver info: org.openqa.selenium.chrome.ChromeDriver
Capabilities {acceptInsecureCerts: false, browserName: chrome, browserVersion: 123.0.6312.105, chrome: {chromedriverVersion: 123.0.6312.86 (9b72c47a0536..., userDataDir: C:\Users\Akanksha\AppData\L...}, fedcm:accounts: true, goog:chromeOptions: {debuggerAddress: localhost:52269}, javascriptEnabled: true, networkConnectionEnabled: false, pageLoadStrategy: normal, platform: WINDOWS, platformName: WINDOWS, proxy: Proxy(), setWindowRect: true, strictFileInteractability: false, timeouts: {implicit: 0, pageLoad: 300000, script: 30000}, unhandledPromptBehavior: dismiss and notify, webauthn:extension:credBlob: true, webauthn:extension:largeBlob: true, webauthn:extension:minPinLength: true, webauthn:extension:prf: true, webauthn:virtualAuthenticators: true}
Session ID: dc06b75ab70480cd0594a27d9de81b28
*** Element info: {Using=xpath, value=//*[@id="SelectedCustomerRoleIds_taglist"]/li/span[2]}
	at sun.reflect.NativeConstructorAccessorImpl.newInstance0(Native Method)
	at sun.reflect.NativeConstructorAccessorImpl.newInstance(NativeConstructorAccessorImpl.java:62)
	at sun.reflect.DelegatingConstructorAccessorImpl.newInstance(DelegatingConstructorAccessorImpl.java:45)
	at java.lang.reflect.Constructor.newInstance(Constructor.java:423)
	at org.openqa.selenium.remote.http.W3CHttpResponseCodec.createException(W3CHttpResponseCodec.java:187)
	at org.openqa.selenium.remote.http.W3CHttpResponseCodec.decode(W3CHttpResponseCodec.java:122)
	at org.openqa.selenium.remote.http.W3CHttpResponseCodec.decode(W3CHttpResponseCodec.java:49)
	at org.openqa.selenium.remote.HttpCommandExecutor.execute(HttpCommandExecutor.java:158)
	at org.openqa.selenium.remote.service.DriverCommandExecutor.execute(DriverCommandExecutor.java:83)
	at org.openqa.selenium.remote.RemoteWebDriver.execute(RemoteWebDriver.java:552)
	at org.openqa.selenium.remote.RemoteWebDriver.findElement(RemoteWebDriver.java:323)
	at org.openqa.selenium.remote.RemoteWebDriver.findElementByXPath(RemoteWebDriver.java:428)
	at org.openqa.selenium.By$ByXPath.findElement(By.java:353)
	at org.openqa.selenium.remote.RemoteWebDriver.findElement(RemoteWebDriver.java:315)
	at pageObjects.AddcustomerPage.setCustomerRoles(AddcustomerPage.java:85)
	at stepDefinitions.Steps.user_enter_customer_info(Steps.java:170)
	at ?.User enter customer info(file:Features/Customers.feature:17)

    And click on Save button                                                                # Steps.click_on_Save_button()
    Then User can view confirmation message "The new customer has been added successfully." # Steps.user_can_view_confirmation_message(String)
    And close browser                                                                       # Steps.close_browser()
]]></system-out>
    <system-err><![CDATA[Starting ChromeDriver 123.0.6312.86 (9b72c47a053648d405376c5cf07999ed626728da-refs/branch-heads/6312@{#698}) on port 30614
Only local connections are allowed.
Please see https://chromedriver.chromium.org/security-considerations for suggestions on keeping ChromeDriver safe.
ChromeDriver was started successfully.
Apr 04, 2024 1:18:38 PM org.openqa.selenium.remote.ProtocolHandshake createSession
INFO: Detected dialect: W3C
]]></system-err>
  </testcase>
  <testcase name="Search Customer by EMailID" classname="Customers" time="16.394">
    <system-out><![CDATA[
  Background: backround steps                                              # Features/Customers.feature:3
04-04-2024 13:18:53 Steps.java INFO  [main] nopcommerce 75 - ********* Launching browser***************
    Given User Launch Chrome browser                                       # Steps.user_Launch_Chrome_browser()
04-04-2024 13:18:53 Steps.java INFO  [main] nopcommerce 82 - ********* Opening URL***************
    When User opens URL "http://admin-demo.nopcommerce.com/login"          # Steps.user_opens_URL(String)
04-04-2024 13:18:55 Steps.java INFO  [main] nopcommerce 89 - ********* Proving user info ***************
    And User enters Email as "admin@yourstore.com" and Password as "admin" # Steps.user_enters_Email_as_and_Password_as(String,String)
04-04-2024 13:18:55 Steps.java INFO  [main] nopcommerce 96 - ********* Click on login ***************
    And Click on Login                                                     # Steps.click_on_Login()
04-04-2024 13:19:01 Steps.java INFO  [main] nopcommerce 135 - ********* Adding Customer Scenario started  ***************
04-04-2024 13:19:01 Steps.java INFO  [main] nopcommerce 137 - ********* Dashboard Display validation ***************
    Then User can view Dashboad                                            # Steps.User_can_view_Dashboad()

  @regression
  Scenario: Search Customer by EMailID               # Features/Customers.feature:23
    When User click on customers Menu                # Steps.user_click_on_customers_Menu()
    And click on customers Menu Item                 # Steps.click_on_customers_Menu_Item()
04-04-2024 13:19:04 Steps.java INFO  [main] nopcommerce 199 - ********* Search Customer by Email ID Scenario started ***************
    And Enter customer EMail                         # Steps.enter_customer_EMail()
    When Click on search button                      # Steps.click_on_search_button()
04-04-2024 13:19:07 Steps.java INFO  [main] nopcommerce 215 - ********* Search customer by email validation ***************
victoria_victoria@nopCommerce.com
    Then User should found Email in the Search table # Steps.user_should_found_Email_in_the_Search_table()
04-04-2024 13:19:08 Steps.java INFO  [main] nopcommerce 126 - *********Closing application ***************
    And close browser                                # Steps.close_browser()
]]></system-out>
    <system-err><![CDATA[Starting ChromeDriver 123.0.6312.86 (9b72c47a053648d405376c5cf07999ed626728da-refs/branch-heads/6312@{#698}) on port 44495
Only local connections are allowed.
Please see https://chromedriver.chromium.org/security-considerations for suggestions on keeping ChromeDriver safe.
ChromeDriver was started successfully.
Apr 04, 2024 1:18:53 PM org.openqa.selenium.remote.ProtocolHandshake createSession
INFO: Detected dialect: W3C
]]></system-err>
  </testcase>
  <testcase name="Search Customer by Name" classname="Customers" time="18.021">
    <system-out><![CDATA[
  Background: backround steps                                              # Features/Customers.feature:3
04-04-2024 13:19:09 Steps.java INFO  [main] nopcommerce 75 - ********* Launching browser***************
    Given User Launch Chrome browser                                       # Steps.user_Launch_Chrome_browser()
04-04-2024 13:19:09 Steps.java INFO  [main] nopcommerce 82 - ********* Opening URL***************
    When User opens URL "http://admin-demo.nopcommerce.com/login"          # Steps.user_opens_URL(String)
04-04-2024 13:19:11 Steps.java INFO  [main] nopcommerce 89 - ********* Proving user info ***************
    And User enters Email as "admin@yourstore.com" and Password as "admin" # Steps.user_enters_Email_as_and_Password_as(String,String)
04-04-2024 13:19:11 Steps.java INFO  [main] nopcommerce 96 - ********* Click on login ***************
    And Click on Login                                                     # Steps.click_on_Login()
04-04-2024 13:19:19 Steps.java INFO  [main] nopcommerce 135 - ********* Adding Customer Scenario started  ***************
04-04-2024 13:19:19 Steps.java INFO  [main] nopcommerce 137 - ********* Dashboard Display validation ***************
    Then User can view Dashboad                                            # Steps.User_can_view_Dashboad()

  @regression
  Scenario: Search Customer by Name                 # Features/Customers.feature:33
    When User click on customers Menu               # Steps.user_click_on_customers_Menu()
    And click on customers Menu Item                # Steps.click_on_customers_Menu_Item()
04-04-2024 13:19:22 Steps.java INFO  [main] nopcommerce 222 - ********* Seqarch custoemr by Name Scenario started ***************
    And Enter customer FirstName                    # Steps.enter_customer_FirstName()
04-04-2024 13:19:22 Steps.java INFO  [main] nopcommerce 229 - ********* Providing customer name ***************
    And Enter customer LastName                     # Steps.enter_customer_LastName()
    When Click on search button                     # Steps.click_on_search_button()
04-04-2024 13:19:25 Steps.java INFO  [main] nopcommerce 236 - ********* Search customer by name validation ***************
    Then User should found Name in the Search table # Steps.user_should_found_Name_in_the_Search_table()
04-04-2024 13:19:26 Steps.java INFO  [main] nopcommerce 126 - *********Closing application ***************
    And close browser                               # Steps.close_browser()
]]></system-out>
    <system-err><![CDATA[Starting ChromeDriver 123.0.6312.86 (9b72c47a053648d405376c5cf07999ed626728da-refs/branch-heads/6312@{#698}) on port 9497
Only local connections are allowed.
Please see https://chromedriver.chromium.org/security-considerations for suggestions on keeping ChromeDriver safe.
ChromeDriver was started successfully.
Apr 04, 2024 1:19:09 PM org.openqa.selenium.remote.ProtocolHandshake createSession
INFO: Detected dialect: W3C
]]></system-err>
  </testcase>
</testsuite>